<?xml version="1.0" encoding="UTF-8"?>
<testng-results ignored="0" total="1" passed="1" failed="0" skipped="0">
  <reporter-output>
  </reporter-output>
  <suite started-at="2021-01-22T15:56:04 IST" name="Default suite" finished-at="2021-01-22T15:56:13 IST" duration-ms="9493">
    <groups>
    </groups>
    <test started-at="2021-01-22T15:56:04 IST" name="Default test" finished-at="2021-01-22T15:56:13 IST" duration-ms="9493">
      <class name="com.freecrm.demo.pro1">
        <test-method signature="geturl()[pri:0, instance:com.freecrm.demo.pro1@568ff82]" started-at="2021-01-22T15:56:04 IST" name="geturl" finished-at="2021-01-22T15:56:13 IST" duration-ms="9445" status="PASS">
          <reporter-output>
          </reporter-output>
        </test-method> <!-- geturl -->
      </class> <!-- com.freecrm.demo.pro1 -->
    </test> <!-- Default test -->
  </suite> <!-- Default suite -->
</testng-results>
