<?xml version="1.0" encoding="UTF-8"?>
<testng-results ignored="0" total="1" passed="1" failed="0" skipped="0">
  <reporter-output>
  </reporter-output>
  <suite started-at="2021-02-26T10:45:57 IST" name="Default suite" finished-at="2021-02-26T10:46:25 IST" duration-ms="27947">
    <groups>
    </groups>
    <test started-at="2021-02-26T10:45:57 IST" name="Default test" finished-at="2021-02-26T10:46:25 IST" duration-ms="27947">
      <class name="com.hrm.TestCases.LoginTestCase2">
        <test-method is-config="true" signature="setup()[pri:0, instance:com.hrm.TestCases.LoginTestCase2@6c779568]" started-at="2021-02-26T10:45:57 IST" name="setup" finished-at="2021-02-26T10:46:20 IST" duration-ms="22432" status="PASS">
          <reporter-output>
          </reporter-output>
        </test-method> <!-- setup -->
        <test-method signature="LoginTest2()[pri:0, instance:com.hrm.TestCases.LoginTestCase2@6c779568]" started-at="2021-02-26T10:46:20 IST" name="LoginTest2" finished-at="2021-02-26T10:46:25 IST" duration-ms="4790" status="PASS">
          <reporter-output>
          </reporter-output>
        </test-method> <!-- LoginTest2 -->
        <test-method is-config="true" signature="teardown()[pri:0, instance:com.hrm.TestCases.LoginTestCase2@6c779568]" started-at="2021-02-26T10:46:25 IST" name="teardown" finished-at="2021-02-26T10:46:25 IST" duration-ms="680" status="PASS">
          <reporter-output>
          </reporter-output>
        </test-method> <!-- teardown -->
      </class> <!-- com.hrm.TestCases.LoginTestCase2 -->
    </test> <!-- Default test -->
  </suite> <!-- Default suite -->
</testng-results>
